  Game_polikarpov.cpp
C:\Users\Nikita\Downloads\Polycarpov\Polycarpov\labs-NpolikarpOv\221-352Polikarpov\Game_polikarpov.cpp(6,12): error C2039: "Game_polikarpov": не является членом "kingsburg".
C:\Users\Nikita\Downloads\Polycarpov\Polycarpov\labs-NpolikarpOv\221-352Polikarpov\kingsburg.h(7,7): message : см. объявление "kingsburg"
C:\Users\Nikita\Downloads\Polycarpov\Polycarpov\labs-NpolikarpOv\221-352Polikarpov\Game_polikarpov.cpp(7,1): error C4430: отсутствует спецификатор типа - предполагается int. Примечание. C++ не поддерживает int по умолчанию
C:\Users\Nikita\Downloads\Polycarpov\Polycarpov\labs-NpolikarpOv\221-352Polikarpov\Game_polikarpov.cpp(9,14): error C2065: player_number: необъявленный идентификатор
C:\Users\Nikita\Downloads\Polycarpov\Polycarpov\labs-NpolikarpOv\221-352Polikarpov\Game_polikarpov.cpp(10,22): error C2065: player_number: необъявленный идентификатор
C:\Users\Nikita\Downloads\Polycarpov\Polycarpov\labs-NpolikarpOv\221-352Polikarpov\Game_polikarpov.cpp(12,3): error C2065: Player: необъявленный идентификатор
C:\Users\Nikita\Downloads\Polycarpov\Polycarpov\labs-NpolikarpOv\221-352Polikarpov\Game_polikarpov.cpp(12,10): error C2146: синтаксическая ошибка: отсутствие ";" перед идентификатором "gamer"
C:\Users\Nikita\Downloads\Polycarpov\Polycarpov\labs-NpolikarpOv\221-352Polikarpov\Game_polikarpov.cpp(12,10): error C2065: gamer: необъявленный идентификатор
C:\Users\Nikita\Downloads\Polycarpov\Polycarpov\labs-NpolikarpOv\221-352Polikarpov\Game_polikarpov.cpp(15,3): error C2065: gamer: необъявленный идентификатор
C:\Users\Nikita\Downloads\Polycarpov\Polycarpov\labs-NpolikarpOv\221-352Polikarpov\Game_polikarpov.cpp(16,3): error C2065: vec: необъявленный идентификатор
C:\Users\Nikita\Downloads\Polycarpov\Polycarpov\labs-NpolikarpOv\221-352Polikarpov\Game_polikarpov.cpp(16,17): error C2065: gamer: необъявленный идентификатор
C:\Users\Nikita\Downloads\Polycarpov\Polycarpov\labs-NpolikarpOv\221-352Polikarpov\Game_polikarpov.cpp(18,1): warning C4508: Game_polikarpov: функция должна возвращать значение; предполагается возвращаемый тип "void"
C:\Users\Nikita\Downloads\Polycarpov\Polycarpov\labs-NpolikarpOv\221-352Polikarpov\Game_polikarpov.cpp(20,12): error C2039: "Game_polikarpov": не является членом "kingsburg".
C:\Users\Nikita\Downloads\Polycarpov\Polycarpov\labs-NpolikarpOv\221-352Polikarpov\kingsburg.h(7,7): message : см. объявление "kingsburg"
C:\Users\Nikita\Downloads\Polycarpov\Polycarpov\labs-NpolikarpOv\221-352Polikarpov\Game_polikarpov.cpp(21,1): error C4430: отсутствует спецификатор типа - предполагается int. Примечание. C++ не поддерживает int по умолчанию
C:\Users\Nikita\Downloads\Polycarpov\Polycarpov\labs-NpolikarpOv\221-352Polikarpov\Game_polikarpov.cpp(20,27): error C2084: функция "int Game_polikarpov(void)" уже имеет текст реализации
C:\Users\Nikita\Downloads\Polycarpov\Polycarpov\labs-NpolikarpOv\221-352Polikarpov\Game_polikarpov.cpp(6,27): message : см. предыдущее определение "Game_polikarpov"
C:\Users\Nikita\Downloads\Polycarpov\Polycarpov\labs-NpolikarpOv\221-352Polikarpov\Game_polikarpov.cpp(25,12): error C2039: "Game_polikarpov": не является членом "kingsburg".
C:\Users\Nikita\Downloads\Polycarpov\Polycarpov\labs-NpolikarpOv\221-352Polikarpov\kingsburg.h(7,7): message : см. объявление "kingsburg"
C:\Users\Nikita\Downloads\Polycarpov\Polycarpov\labs-NpolikarpOv\221-352Polikarpov\Game_polikarpov.cpp(26,1): error C4430: отсутствует спецификатор типа - предполагается int. Примечание. C++ не поддерживает int по умолчанию
C:\Users\Nikita\Downloads\Polycarpov\Polycarpov\labs-NpolikarpOv\221-352Polikarpov\Game_polikarpov.cpp(28,2): error C2065: player_number: необъявленный идентификатор
C:\Users\Nikita\Downloads\Polycarpov\Polycarpov\labs-NpolikarpOv\221-352Polikarpov\Game_polikarpov.cpp(29,22): error C2065: player_number: необъявленный идентификатор
C:\Users\Nikita\Downloads\Polycarpov\Polycarpov\labs-NpolikarpOv\221-352Polikarpov\Game_polikarpov.cpp(31,3): error C2065: Player: необъявленный идентификатор
C:\Users\Nikita\Downloads\Polycarpov\Polycarpov\labs-NpolikarpOv\221-352Polikarpov\Game_polikarpov.cpp(31,10): error C2146: синтаксическая ошибка: отсутствие ";" перед идентификатором "gamer"
C:\Users\Nikita\Downloads\Polycarpov\Polycarpov\labs-NpolikarpOv\221-352Polikarpov\Game_polikarpov.cpp(31,10): error C2065: gamer: необъявленный идентификатор
C:\Users\Nikita\Downloads\Polycarpov\Polycarpov\labs-NpolikarpOv\221-352Polikarpov\Game_polikarpov.cpp(34,3): error C2065: gamer: необъявленный идентификатор
C:\Users\Nikita\Downloads\Polycarpov\Polycarpov\labs-NpolikarpOv\221-352Polikarpov\Game_polikarpov.cpp(35,3): error C2065: vec: необъявленный идентификатор
C:\Users\Nikita\Downloads\Polycarpov\Polycarpov\labs-NpolikarpOv\221-352Polikarpov\Game_polikarpov.cpp(35,17): error C2065: gamer: необъявленный идентификатор
C:\Users\Nikita\Downloads\Polycarpov\Polycarpov\labs-NpolikarpOv\221-352Polikarpov\Game_polikarpov.cpp(37,1): warning C4508: Game_polikarpov: функция должна возвращать значение; предполагается возвращаемый тип "void"
C:\Users\Nikita\Downloads\Polycarpov\Polycarpov\labs-NpolikarpOv\221-352Polikarpov\Game_polikarpov.cpp(141,12): warning C4244: аргумент: преобразование "time_t" в "unsigned int", возможна потеря данных
C:\Users\Nikita\Downloads\Polycarpov\Polycarpov\labs-NpolikarpOv\221-352Polikarpov\Game_polikarpov.cpp(149,17): error C2039: "phase246_bonus": не является членом "kingsburg".
C:\Users\Nikita\Downloads\Polycarpov\Polycarpov\labs-NpolikarpOv\221-352Polikarpov\kingsburg.h(7,7): message : см. объявление "kingsburg"
